<?xml version="1.0" encoding="UTF-8"?>
<!-- Generated by org.testng.reporters.JUnitXMLReporter -->
<testsuite hostname="DESKTOP-PPDLLU4" ignored="2" name="Testrun-firefox" tests="4" failures="0" timestamp="21 Jan 2022 18:06:14 GMT" time="193.064" errors="0">
  <testcase name="@BeforeClass ConfigBC" time="63.526" classname="comm.crm.Genericlibary.BaseClass">
    <failure type="org.openqa.selenium.TimeoutException" message="connection refused
Build info: version: &amp;apos;3.141.59&amp;apos;, revision: &amp;apos;e82be7d358&amp;apos;, time: &amp;apos;2018-11-14T08:17:03&amp;apos;
System info: host: &amp;apos;DESKTOP-PPDLLU4&amp;apos;, ip: &amp;apos;192.168.0.115&amp;apos;, os.name: &amp;apos;Windows 10&amp;apos;, os.arch: &amp;apos;amd64&amp;apos;, os.version: &amp;apos;10.0&amp;apos;, java.version: &amp;apos;1.8.0_301&amp;apos;
Driver info: driver.version: FirefoxDriver
remote stacktrace: ">
      <![CDATA[org.openqa.selenium.TimeoutException: connection refused
Build info: version: '3.141.59', revision: 'e82be7d358', time: '2018-11-14T08:17:03'
System info: host: 'DESKTOP-PPDLLU4', ip: '192.168.0.115', os.name: 'Windows 10', os.arch: 'amd64', os.version: '10.0', java.version: '1.8.0_301'
Driver info: driver.version: FirefoxDriver
remote stacktrace: 
at org.openqa.selenium.remote.W3CHandshakeResponse.lambda$errorHandler$0(W3CHandshakeResponse.java:62)
at org.openqa.selenium.remote.HandshakeResponse.lambda$getResponseFunction$0(HandshakeResponse.java:30)
at org.openqa.selenium.remote.ProtocolHandshake.lambda$createSession$0(ProtocolHandshake.java:126)
at java.util.stream.ReferencePipeline$3$1.accept(Unknown Source)
at java.util.Spliterators$ArraySpliterator.tryAdvance(Unknown Source)
at java.util.stream.ReferencePipeline.forEachWithCancel(Unknown Source)
at java.util.stream.AbstractPipeline.copyIntoWithCancel(Unknown Source)
at java.util.stream.AbstractPipeline.copyInto(Unknown Source)
at java.util.stream.AbstractPipeline.wrapAndCopyInto(Unknown Source)
at java.util.stream.FindOps$FindOp.evaluateSequential(Unknown Source)
at java.util.stream.AbstractPipeline.evaluate(Unknown Source)
at java.util.stream.ReferencePipeline.findFirst(Unknown Source)
at org.openqa.selenium.remote.ProtocolHandshake.createSession(ProtocolHandshake.java:128)
at org.openqa.selenium.remote.ProtocolHandshake.createSession(ProtocolHandshake.java:74)
at org.openqa.selenium.remote.HttpCommandExecutor.execute(HttpCommandExecutor.java:136)
at org.openqa.selenium.remote.service.DriverCommandExecutor.execute(DriverCommandExecutor.java:83)
at org.openqa.selenium.remote.RemoteWebDriver.execute(RemoteWebDriver.java:552)
at org.openqa.selenium.remote.RemoteWebDriver.startSession(RemoteWebDriver.java:213)
at org.openqa.selenium.remote.RemoteWebDriver.<init>(RemoteWebDriver.java:131)
at org.openqa.selenium.firefox.FirefoxDriver.<init>(FirefoxDriver.java:147)
at org.openqa.selenium.firefox.FirefoxDriver.<init>(FirefoxDriver.java:125)
at comm.crm.Genericlibary.BaseClass.ConfigBC(BaseClass.java:52)
at java.util.concurrent.FutureTask.run(Unknown Source)
at java.util.concurrent.ThreadPoolExecutor.runWorker(Unknown Source)
at java.util.concurrent.ThreadPoolExecutor$Worker.run(Unknown Source)
at java.lang.Thread.run(Unknown Source)
... Removed 21 stack frames]]>
    </failure>
  </testcase> <!-- @BeforeClass ConfigBC -->
  <testcase name="@BeforeMethod ConfigBM" time="0.0" classname="comm.crm.Genericlibary.BaseClass">
    <skipped/>
  </testcase> <!-- @BeforeMethod ConfigBM -->
  <testcase name="@AfterMethod ConfigAm" time="0.0" classname="comm.crm.Genericlibary.BaseClass">
    <skipped/>
  </testcase> <!-- @AfterMethod ConfigAm -->
  <testcase name="@BeforeMethod ConfigBM" time="0.0" classname="comm.crm.Genericlibary.BaseClass">
    <skipped/>
  </testcase> <!-- @BeforeMethod ConfigBM -->
  <testcase name="@AfterMethod ConfigAm" time="0.0" classname="comm.crm.Genericlibary.BaseClass">
    <skipped/>
  </testcase> <!-- @AfterMethod ConfigAm -->
  <testcase name="@AfterClass ConfigAc" time="0.0" classname="comm.crm.Genericlibary.BaseClass">
    <skipped/>
  </testcase> <!-- @AfterClass ConfigAc -->
  <testcase name="@AfterMethod ConfigAm" time="4.038" classname="comm.crm.Genericlibary.BaseClass">
    <failure type="org.openqa.selenium.ElementNotInteractableException" message="Element &amp;lt;a class=&amp;quot;drop_down_usersettings&amp;quot; href=&amp;quot;index.php?module=Users&amp;amp;action=Logout&amp;quot;&amp;gt; could not be scrolled into view
Build info: version: &amp;apos;3.141.59&amp;apos;, revision: &amp;apos;e82be7d358&amp;apos;, time: &amp;apos;2018-11-14T08:17:03&amp;apos;
System info: host: &amp;apos;DESKTOP-PPDLLU4&amp;apos;, ip: &amp;apos;192.168.0.115&amp;apos;, os.name: &amp;apos;Windows 10&amp;apos;, os.arch: &amp;apos;amd64&amp;apos;, os.version: &amp;apos;10.0&amp;apos;, java.version: &amp;apos;1.8.0_301&amp;apos;
Driver info: org.openqa.selenium.firefox.FirefoxDriver
Capabilities {acceptInsecureCerts: true, browserName: firefox, browserVersion: 96.0.2, javascriptEnabled: true, moz:accessibilityChecks: false, moz:buildID: 20220119190439, moz:geckodriverVersion: 0.26.0, moz:headless: false, moz:processID: 12924, moz:profile: C:\Users\SHARU\AppData\Loca..., moz:shutdownTimeout: 60000, moz:useNonSpecCompliantPointerOrigin: false, moz:webdriverClick: true, pageLoadStrategy: normal, platform: WINDOWS, platformName: WINDOWS, platformVersion: 10.0, proxy: Proxy(), setWindowRect: true, strictFileInteractability: false, timeouts: {implicit: 0, pageLoad: 300000, script: 30000}, unhandledPromptBehavior: dismiss and notify}
Session ID: 706a3d5f-4e69-4e1d-8bc4-ab79be1deca7">
      <![CDATA[org.openqa.selenium.ElementNotInteractableException: Element <a class="drop_down_usersettings" href="index.php?module=Users&action=Logout"> could not be scrolled into view
Build info: version: '3.141.59', revision: 'e82be7d358', time: '2018-11-14T08:17:03'
System info: host: 'DESKTOP-PPDLLU4', ip: '192.168.0.115', os.name: 'Windows 10', os.arch: 'amd64', os.version: '10.0', java.version: '1.8.0_301'
Driver info: org.openqa.selenium.firefox.FirefoxDriver
Capabilities {acceptInsecureCerts: true, browserName: firefox, browserVersion: 96.0.2, javascriptEnabled: true, moz:accessibilityChecks: false, moz:buildID: 20220119190439, moz:geckodriverVersion: 0.26.0, moz:headless: false, moz:processID: 12924, moz:profile: C:\Users\SHARU\AppData\Loca..., moz:shutdownTimeout: 60000, moz:useNonSpecCompliantPointerOrigin: false, moz:webdriverClick: true, pageLoadStrategy: normal, platform: WINDOWS, platformName: WINDOWS, platformVersion: 10.0, proxy: Proxy(), setWindowRect: true, strictFileInteractability: false, timeouts: {implicit: 0, pageLoad: 300000, script: 30000}, unhandledPromptBehavior: dismiss and notify}
Session ID: 706a3d5f-4e69-4e1d-8bc4-ab79be1deca7
at org.openqa.selenium.remote.http.W3CHttpResponseCodec.createException(W3CHttpResponseCodec.java:187)
at org.openqa.selenium.remote.http.W3CHttpResponseCodec.decode(W3CHttpResponseCodec.java:122)
at org.openqa.selenium.remote.http.W3CHttpResponseCodec.decode(W3CHttpResponseCodec.java:49)
at org.openqa.selenium.remote.HttpCommandExecutor.execute(HttpCommandExecutor.java:158)
at org.openqa.selenium.remote.service.DriverCommandExecutor.execute(DriverCommandExecutor.java:83)
at org.openqa.selenium.remote.RemoteWebDriver.execute(RemoteWebDriver.java:552)
at org.openqa.selenium.remote.RemoteWebElement.execute(RemoteWebElement.java:285)
at org.openqa.selenium.remote.RemoteWebElement.click(RemoteWebElement.java:84)
at org.openqa.selenium.support.pagefactory.internal.LocatingElementHandler.invoke(LocatingElementHandler.java:51)
at com.sun.proxy.$Proxy14.click(Unknown Source)
at comm.vtiger.comcast.pomrepositylib.Home.logout(Home.java:64)
at comm.crm.Genericlibary.BaseClass.ConfigAm(BaseClass.java:87)
at java.util.concurrent.FutureTask.run(Unknown Source)
at java.util.concurrent.ThreadPoolExecutor.runWorker(Unknown Source)
at java.util.concurrent.ThreadPoolExecutor$Worker.run(Unknown Source)
at java.lang.Thread.run(Unknown Source)
... Removed 27 stack frames]]>
    </failure>
  </testcase> <!-- @AfterMethod ConfigAm -->
  <testcase name="@BeforeMethod ConfigBM" time="0.0" classname="comm.crm.Genericlibary.BaseClass">
    <skipped/>
  </testcase> <!-- @BeforeMethod ConfigBM -->
  <testcase name="@AfterMethod ConfigAm" time="0.0" classname="comm.crm.Genericlibary.BaseClass">
    <skipped/>
  </testcase> <!-- @AfterMethod ConfigAm -->
  <testcase name="@AfterClass ConfigAc" time="0.0" classname="comm.crm.Genericlibary.BaseClass">
    <skipped/>
  </testcase> <!-- @AfterClass ConfigAc -->
  <testcase name="Createcontact" time="0.0" classname="TESTNGPRACTICE.CreatecontactTestng">
    <skipped/>
  </testcase> <!-- Createcontact -->
  <testcase name="createContactorg" time="0.0" classname="TESTNGPRACTICE.CreatecontactTestng">
    <skipped/>
  </testcase> <!-- createContactorg -->
  <testcase name="CreateOrganizationwithIndustry" time="41.348" classname="TESTNGPRACTICE.CreateOrganizationTest"/>
  <testcase name="Createorg" time="0.0" classname="TESTNGPRACTICE.CreateOrganizationTest">
    <skipped/>
  </testcase> <!-- Createorg -->
  <testcase name="@AfterSuite ConfigAs" time="0.0" classname="comm.crm.Genericlibary.BaseClass">
    <ignored/>
  </testcase> <!-- @AfterSuite ConfigAs -->
  <testcase name="@BeforeSuite ConfigBS" time="0.0" classname="comm.crm.Genericlibary.BaseClass">
    <ignored/>
  </testcase> <!-- @BeforeSuite ConfigBS -->
</testsuite> <!-- Testrun-firefox -->
