<?xml version="1.0" encoding="UTF-8"?>
<!-- Generated by org.testng.reporters.JUnitXMLReporter -->
<testsuite hostname="DESKTOP-PPDLLU4" ignored="4" name="Test" tests="2" failures="0" timestamp="22 Jan 2022 05:27:50 GMT" time="139.35" errors="0">
  <testcase name="@BeforeClass ConfigBC" time="23.703" classname="comm.crm.Genericlibary.BaseClass">
    <failure type="org.openqa.selenium.WebDriverException" message="Timed out waiting for driver server to start.
Build info: version: &amp;apos;3.141.59&amp;apos;, revision: &amp;apos;e82be7d358&amp;apos;, time: &amp;apos;2018-11-14T08:17:03&amp;apos;
System info: host: &amp;apos;DESKTOP-PPDLLU4&amp;apos;, ip: &amp;apos;192.168.43.55&amp;apos;, os.name: &amp;apos;Windows 10&amp;apos;, os.arch: &amp;apos;amd64&amp;apos;, os.version: &amp;apos;10.0&amp;apos;, java.version: &amp;apos;1.8.0_301&amp;apos;
Driver info: driver.version: ChromeDriver">
      <![CDATA[org.openqa.selenium.WebDriverException: Timed out waiting for driver server to start.
Build info: version: '3.141.59', revision: 'e82be7d358', time: '2018-11-14T08:17:03'
System info: host: 'DESKTOP-PPDLLU4', ip: '192.168.43.55', os.name: 'Windows 10', os.arch: 'amd64', os.version: '10.0', java.version: '1.8.0_301'
Driver info: driver.version: ChromeDriver
at org.openqa.selenium.remote.service.DriverService.waitUntilAvailable(DriverService.java:202)
at org.openqa.selenium.remote.service.DriverService.start(DriverService.java:188)
at org.openqa.selenium.remote.service.DriverCommandExecutor.execute(DriverCommandExecutor.java:79)
at org.openqa.selenium.remote.RemoteWebDriver.execute(RemoteWebDriver.java:552)
at org.openqa.selenium.remote.RemoteWebDriver.startSession(RemoteWebDriver.java:213)
at org.openqa.selenium.remote.RemoteWebDriver.<init>(RemoteWebDriver.java:131)
at org.openqa.selenium.chrome.ChromeDriver.<init>(ChromeDriver.java:181)
at org.openqa.selenium.chrome.ChromeDriver.<init>(ChromeDriver.java:168)
at org.openqa.selenium.chrome.ChromeDriver.<init>(ChromeDriver.java:123)
at comm.crm.Genericlibary.BaseClass.ConfigBC(BaseClass.java:57)
Caused by: org.openqa.selenium.net.UrlChecker$TimeoutException: Timed out waiting for [http://localhost:30948/status] to be available after 20130 ms
at org.openqa.selenium.net.UrlChecker.waitUntilAvailable(UrlChecker.java:100)
at org.openqa.selenium.remote.service.DriverService.waitUntilAvailable(DriverService.java:197)
... 35 more
Caused by: java.util.concurrent.TimeoutException
at java.util.concurrent.FutureTask.get(Unknown Source)
at com.google.common.util.concurrent.SimpleTimeLimiter.callWithTimeout(SimpleTimeLimiter.java:156)
at org.openqa.selenium.net.UrlChecker.waitUntilAvailable(UrlChecker.java:75)
... 36 more
... Removed 26 stack frames]]>
    </failure>
  </testcase> <!-- @BeforeClass ConfigBC -->
  <testcase name="@BeforeMethod ConfigBM" time="0.0" classname="comm.crm.Genericlibary.BaseClass">
    <skipped/>
  </testcase> <!-- @BeforeMethod ConfigBM -->
  <testcase name="@AfterMethod ConfigAm" time="0.0" classname="comm.crm.Genericlibary.BaseClass">
    <skipped/>
  </testcase> <!-- @AfterMethod ConfigAm -->
  <testcase name="@AfterClass ConfigAc" time="0.0" classname="comm.crm.Genericlibary.BaseClass">
    <skipped/>
  </testcase> <!-- @AfterClass ConfigAc -->
  <testcase name="Createcontact" time="0.0" classname="comm.crm.TestingcreateOrgCont.CreatecontactTestng">
    <skipped/>
  </testcase> <!-- Createcontact -->
  <testcase name="CreateOrganizationwithIndustry" time="32.015" classname="comm.crm.TestingcreateOrgCont.CreateOrganizationTest"/>
  <testcase name="@AfterSuite ConfigAs" time="0.0" classname="comm.crm.Genericlibary.BaseClass">
    <ignored/>
  </testcase> <!-- @AfterSuite ConfigAs -->
  <testcase name="@BeforeSuite ConfigBS" time="0.0" classname="comm.crm.Genericlibary.BaseClass">
    <ignored/>
  </testcase> <!-- @BeforeSuite ConfigBS -->
  <testcase name="createContactorg" time="0.0" classname="comm.crm.TestingcreateOrgCont.CreatecontactTestng">
    <ignored/>
  </testcase> <!-- createContactorg -->
  <testcase name="Createorg" time="0.0" classname="comm.crm.TestingcreateOrgCont.CreateOrganizationTest">
    <ignored/>
  </testcase> <!-- Createorg -->
</testsuite> <!-- Test -->
